# JRE version: OpenJDK Runtime Environment (7.0_151-b01) (build 1.7.0_151-b01)
# Java VM: OpenJDK 64-Bit Server VM (24.151-b01 mixed mode linux-amd64 compressed oops)
Heap
 def new generation   total 4800K, used 730K [0x00000000d6800000, 0x00000000d6d30000, 0x00000000e0e00000)
  eden space 4288K,  16% used [0x00000000d6800000, 0x00000000d68b4510, 0x00000000d6c30000)
  from space 512K,   1% used [0x00000000d6c30000, 0x00000000d6c324e0, 0x00000000d6cb0000)
  to   space 512K,   0% used [0x00000000d6cb0000, 0x00000000d6cb0000, 0x00000000d6d30000)
 tenured generation   total 10624K, used 1744K [0x00000000e0e00000, 0x00000000e1860000, 0x00000000f5a00000)
   the space 10624K,  16% used [0x00000000e0e00000, 0x00000000e0fb4158, 0x00000000e0fb4200, 0x00000000e1860000)
 compacting perm gen  total 21248K, used 9213K [0x00000000f5a00000, 0x00000000f6ec0000, 0x0000000100000000)
   the space 21248K,  43% used [0x00000000f5a00000, 0x00000000f62ff690, 0x00000000f62ff800, 0x00000000f6ec0000)
GC Heap History (8 events):
Event: 0.662 GC heap before
{Heap before GC invocations=0 (full 0):
 def new generation   total 4800K, used 4288K [0x00000000d6800000, 0x00000000d6d30000, 0x00000000e0e00000)
  eden space 4288K, 100% used [0x00000000d6800000, 0x00000000d6c30000, 0x00000000d6c30000)
  from space 512K,   0% used [0x00000000d6c30000, 0x00000000d6c30000, 0x00000000d6cb0000)
  to   space 512K,   0% used [0x00000000d6cb0000, 0x00000000d6cb0000, 0x00000000d6d30000)
 tenured generation   total 10624K, used 0K [0x00000000e0e00000, 0x00000000e1860000, 0x00000000f5a00000)
   the space 10624K,   0% used [0x00000000e0e00000, 0x00000000e0e00000, 0x00000000e0e00200, 0x00000000e1860000)
 compacting perm gen  total 21248K, used 6245K [0x00000000f5a00000, 0x00000000f6ec0000, 0x0000000100000000)
   the space 21248K,  29% used [0x00000000f5a00000, 0x00000000f6019410, 0x00000000f6019600, 0x00000000f6ec0000)
No shared spaces configured.
Event: 0.668 GC heap after
Heap after GC invocations=1 (full 0):
 def new generation   total 4800K, used 512K [0x00000000d6800000, 0x00000000d6d30000, 0x00000000e0e00000)
  eden space 4288K,   0% used [0x00000000d6800000, 0x00000000d6800000, 0x00000000d6c30000)
  from space 512K, 100% used [0x00000000d6cb0000, 0x00000000d6d30000, 0x00000000d6d30000)
  to   space 512K,   0% used [0x00000000d6c30000, 0x00000000d6c30000, 0x00000000d6cb0000)
 tenured generation   total 10624K, used 620K [0x00000000e0e00000, 0x00000000e1860000, 0x00000000f5a00000)
   the space 10624K,   5% used [0x00000000e0e00000, 0x00000000e0e9b2f8, 0x00000000e0e9b400, 0x00000000e1860000)
 compacting perm gen  total 21248K, used 6245K [0x00000000f5a00000, 0x00000000f6ec0000, 0x0000000100000000)
   the space 21248K,  29% used [0x00000000f5a00000, 0x00000000f6019410, 0x00000000f6019600, 0x00000000f6ec0000)
No shared spaces configured.
}
Event: 85.057 GC heap before
{Heap before GC invocations=1 (full 0):
 def new generation   total 4800K, used 4800K [0x00000000d6800000, 0x00000000d6d30000, 0x00000000e0e00000)
  eden space 4288K, 100% used [0x00000000d6800000, 0x00000000d6c30000, 0x00000000d6c30000)
  from space 512K, 100% used [0x00000000d6cb0000, 0x00000000d6d30000, 0x00000000d6d30000)
  to   space 512K,   0% used [0x00000000d6c30000, 0x00000000d6c30000, 0x00000000d6cb0000)
 tenured generation   total 10624K, used 620K [0x00000000e0e00000, 0x00000000e1860000, 0x00000000f5a00000)
   the space 10624K,   5% used [0x00000000e0e00000, 0x00000000e0e9b2f8, 0x00000000e0e9b400, 0x00000000e1860000)
 compacting perm gen  total 21248K, used 7235K [0x00000000f5a00000, 0x00000000f6ec0000, 0x0000000100000000)
   the space 21248K,  34% used [0x00000000f5a00000, 0x00000000f6110f88, 0x00000000f6111000, 0x00000000f6ec0000)
No shared spaces configured.
Event: 85.065 GC heap after
Heap after GC invocations=2 (full 0):
 def new generation   total 4800K, used 511K [0x00000000d6800000, 0x00000000d6d30000, 0x00000000e0e00000)
  eden space 4288K,   0% used [0x00000000d6800000, 0x00000000d6800000, 0x00000000d6c30000)
  from space 512K,  99% used [0x00000000d6c30000, 0x00000000d6cafff0, 0x00000000d6cb0000)
  to   space 512K,   0% used [0x00000000d6cb0000, 0x00000000d6cb0000, 0x00000000d6d30000)
 tenured generation   total 10624K, used 1226K [0x00000000e0e00000, 0x00000000e1860000, 0x00000000f5a00000)
   the space 10624K,  11% used [0x00000000e0e00000, 0x00000000e0f32a98, 0x00000000e0f32c00, 0x00000000e1860000)
 compacting perm gen  total 21248K, used 7235K [0x00000000f5a00000, 0x00000000f6ec0000, 0x0000000100000000)
   the space 21248K,  34% used [0x00000000f5a00000, 0x00000000f6110f88, 0x00000000f6111000, 0x00000000f6ec0000)
No shared spaces configured.
}
Event: 1720.731 GC heap before
{Heap before GC invocations=2 (full 0):
 def new generation   total 4800K, used 4799K [0x00000000d6800000, 0x00000000d6d30000, 0x00000000e0e00000)
  eden space 4288K, 100% used [0x00000000d6800000, 0x00000000d6c30000, 0x00000000d6c30000)
  from space 512K,  99% used [0x00000000d6c30000, 0x00000000d6cafff0, 0x00000000d6cb0000)
  to   space 512K,   0% used [0x00000000d6cb0000, 0x00000000d6cb0000, 0x00000000d6d30000)
 tenured generation   total 10624K, used 1226K [0x00000000e0e00000, 0x00000000e1860000, 0x00000000f5a00000)
   the space 10624K,  11% used [0x00000000e0e00000, 0x00000000e0f32a98, 0x00000000e0f32c00, 0x00000000e1860000)
 compacting perm gen  total 21248K, used 9178K [0x00000000f5a00000, 0x00000000f6ec0000, 0x0000000100000000)
   the space 21248K,  43% used [0x00000000f5a00000, 0x00000000f62f6840, 0x00000000f62f6a00, 0x00000000f6ec0000)
No shared spaces configured.
Event: 1720.735 GC heap after
Heap after GC invocations=3 (full 0):
 def new generation   total 4800K, used 383K [0x00000000d6800000, 0x00000000d6d30000, 0x00000000e0e00000)
  eden space 4288K,   0% used [0x00000000d6800000, 0x00000000d6800000, 0x00000000d6c30000)
  from space 512K,  74% used [0x00000000d6cb0000, 0x00000000d6d0ff38, 0x00000000d6d30000)
  to   space 512K,   0% used [0x00000000d6c30000, 0x00000000d6c30000, 0x00000000d6cb0000)
 tenured generation   total 10624K, used 1421K [0x00000000e0e00000, 0x00000000e1860000, 0x00000000f5a00000)
   the space 10624K,  13% used [0x00000000e0e00000, 0x00000000e0f63758, 0x00000000e0f63800, 0x00000000e1860000)
 compacting perm gen  total 21248K, used 9178K [0x00000000f5a00000, 0x00000000f6ec0000, 0x0000000100000000)
   the space 21248K,  43% used [0x00000000f5a00000, 0x00000000f62f6840, 0x00000000f62f6a00, 0x00000000f6ec0000)
No shared spaces configured.
}
Event: 4458.694 GC heap before
{Heap before GC invocations=3 (full 0):
 def new generation   total 4800K, used 4671K [0x00000000d6800000, 0x00000000d6d30000, 0x00000000e0e00000)
  eden space 4288K, 100% used [0x00000000d6800000, 0x00000000d6c30000, 0x00000000d6c30000)
  from space 512K,  74% used [0x00000000d6cb0000, 0x00000000d6d0ff38, 0x00000000d6d30000)
  to   space 512K,   0% used [0x00000000d6c30000, 0x00000000d6c30000, 0x00000000d6cb0000)
 tenured generation   total 10624K, used 1421K [0x00000000e0e00000, 0x00000000e1860000, 0x00000000f5a00000)
   the space 10624K,  13% used [0x00000000e0e00000, 0x00000000e0f63758, 0x00000000e0f63800, 0x00000000e1860000)
 compacting perm gen  total 21248K, used 9213K [0x00000000f5a00000, 0x00000000f6ec0000, 0x0000000100000000)
   the space 21248K,  43% used [0x00000000f5a00000, 0x00000000f62ff518, 0x00000000f62ff600, 0x00000000f6ec0000)
No shared spaces configured.
Event: 6066.519 GC heap after
Heap after GC invocations=4 (full 0):
 def new generation   total 4800K, used 9K [0x00000000d6800000, 0x00000000d6d30000, 0x00000000e0e00000)
  eden space 4288K,   0% used [0x00000000d6800000, 0x00000000d6800000, 0x00000000d6c30000)
  from space 512K,   1% used [0x00000000d6c30000, 0x00000000d6c324e0, 0x00000000d6cb0000)
  to   space 512K,   0% used [0x00000000d6cb0000, 0x00000000d6cb0000, 0x00000000d6d30000)
 tenured generation   total 10624K, used 1744K [0x00000000e0e00000, 0x00000000e1860000, 0x00000000f5a00000)
   the space 10624K,  16% used [0x00000000e0e00000, 0x00000000e0fb4158, 0x00000000e0fb4200, 0x00000000e1860000)
 compacting perm gen  total 21248K, used 9213K [0x00000000f5a00000, 0x00000000f6ec0000, 0x0000000100000000)
   the space 21248K,  43% used [0x00000000f5a00000, 0x00000000f62ff518, 0x00000000f62ff600, 0x00000000f6ec0000)
No shared spaces configured.
}

