# JRE version: OpenJDK Runtime Environment (7.0_151-b01) (build 1.7.0_151-b01)
# Java VM: OpenJDK 64-Bit Server VM (24.151-b01 mixed mode linux-amd64 compressed oops)
Heap
 def new generation   total 4800K, used 3048K [0x00000000d6800000, 0x00000000d6d30000, 0x00000000e0e00000)
  eden space 4288K,  70% used [0x00000000d6800000, 0x00000000d6af4e78, 0x00000000d6c30000)
  from space 512K,   4% used [0x00000000d6cb0000, 0x00000000d6cb5388, 0x00000000d6d30000)
  to   space 512K,   0% used [0x00000000d6c30000, 0x00000000d6c30000, 0x00000000d6cb0000)
 tenured generation   total 10624K, used 1733K [0x00000000e0e00000, 0x00000000e1860000, 0x00000000f5a00000)
   the space 10624K,  16% used [0x00000000e0e00000, 0x00000000e0fb1630, 0x00000000e0fb1800, 0x00000000e1860000)
 compacting perm gen  total 21248K, used 9247K [0x00000000f5a00000, 0x00000000f6ec0000, 0x0000000100000000)
   the space 21248K,  43% used [0x00000000f5a00000, 0x00000000f6307d98, 0x00000000f6307e00, 0x00000000f6ec0000)
GC Heap History (10 events):
Event: 1530.555 GC heap before
{Heap before GC invocations=2 (full 0):
 def new generation   total 4800K, used 4799K [0x00000000d6800000, 0x00000000d6d30000, 0x00000000e0e00000)
  eden space 4288K, 100% used [0x00000000d6800000, 0x00000000d6c30000, 0x00000000d6c30000)
  from space 512K,  99% used [0x00000000d6c30000, 0x00000000d6cafff0, 0x00000000d6cb0000)
  to   space 512K,   0% used [0x00000000d6cb0000, 0x00000000d6cb0000, 0x00000000d6d30000)
 tenured generation   total 10624K, used 1217K [0x00000000e0e00000, 0x00000000e1860000, 0x00000000f5a00000)
   the space 10624K,  11% used [0x00000000e0e00000, 0x00000000e0f307a0, 0x00000000e0f30800, 0x00000000e1860000)
 compacting perm gen  total 21248K, used 9172K [0x00000000f5a00000, 0x00000000f6ec0000, 0x0000000100000000)
   the space 21248K,  43% used [0x00000000f5a00000, 0x00000000f62f5320, 0x00000000f62f5400, 0x00000000f6ec0000)
No shared spaces configured.
Event: 1530.559 GC heap after
Heap after GC invocations=3 (full 0):
 def new generation   total 4800K, used 392K [0x00000000d6800000, 0x00000000d6d30000, 0x00000000e0e00000)
  eden space 4288K,   0% used [0x00000000d6800000, 0x00000000d6800000, 0x00000000d6c30000)
  from space 512K,  76% used [0x00000000d6cb0000, 0x00000000d6d12098, 0x00000000d6d30000)
  to   space 512K,   0% used [0x00000000d6c30000, 0x00000000d6c30000, 0x00000000d6cb0000)
 tenured generation   total 10624K, used 1408K [0x00000000e0e00000, 0x00000000e1860000, 0x00000000f5a00000)
   the space 10624K,  13% used [0x00000000e0e00000, 0x00000000e0f60260, 0x00000000e0f60400, 0x00000000e1860000)
 compacting perm gen  total 21248K, used 9172K [0x00000000f5a00000, 0x00000000f6ec0000, 0x0000000100000000)
   the space 21248K,  43% used [0x00000000f5a00000, 0x00000000f62f5320, 0x00000000f62f5400, 0x00000000f6ec0000)
No shared spaces configured.
}
Event: 3515.341 GC heap before
{Heap before GC invocations=3 (full 0):
 def new generation   total 4800K, used 4680K [0x00000000d6800000, 0x00000000d6d30000, 0x00000000e0e00000)
  eden space 4288K, 100% used [0x00000000d6800000, 0x00000000d6c30000, 0x00000000d6c30000)
  from space 512K,  76% used [0x00000000d6cb0000, 0x00000000d6d12098, 0x00000000d6d30000)
  to   space 512K,   0% used [0x00000000d6c30000, 0x00000000d6c30000, 0x00000000d6cb0000)
 tenured generation   total 10624K, used 1408K [0x00000000e0e00000, 0x00000000e1860000, 0x00000000f5a00000)
   the space 10624K,  13% used [0x00000000e0e00000, 0x00000000e0f60260, 0x00000000e0f60400, 0x00000000e1860000)
 compacting perm gen  total 21248K, used 9202K [0x00000000f5a00000, 0x00000000f6ec0000, 0x0000000100000000)
   the space 21248K,  43% used [0x00000000f5a00000, 0x00000000f62fcab0, 0x00000000f62fcc00, 0x00000000f6ec0000)
No shared spaces configured.
Event: 3515.343 GC heap after
Heap after GC invocations=4 (full 0):
 def new generation   total 4800K, used 43K [0x00000000d6800000, 0x00000000d6d30000, 0x00000000e0e00000)
  eden space 4288K,   0% used [0x00000000d6800000, 0x00000000d6800000, 0x00000000d6c30000)
  from space 512K,   8% used [0x00000000d6c30000, 0x00000000d6c3ace0, 0x00000000d6cb0000)
  to   space 512K,   0% used [0x00000000d6cb0000, 0x00000000d6cb0000, 0x00000000d6d30000)
 tenured generation   total 10624K, used 1733K [0x00000000e0e00000, 0x00000000e1860000, 0x00000000f5a00000)
   the space 10624K,  16% used [0x00000000e0e00000, 0x00000000e0fb1630, 0x00000000e0fb1800, 0x00000000e1860000)
 compacting perm gen  total 21248K, used 9202K [0x00000000f5a00000, 0x00000000f6ec0000, 0x0000000100000000)
   the space 21248K,  43% used [0x00000000f5a00000, 0x00000000f62fcab0, 0x00000000f62fcc00, 0x00000000f6ec0000)
No shared spaces configured.
}
Event: 5406.308 GC heap before
{Heap before GC invocations=4 (full 0):
 def new generation   total 4800K, used 4331K [0x00000000d6800000, 0x00000000d6d30000, 0x00000000e0e00000)
  eden space 4288K, 100% used [0x00000000d6800000, 0x00000000d6c30000, 0x00000000d6c30000)
  from space 512K,   8% used [0x00000000d6c30000, 0x00000000d6c3ace0, 0x00000000d6cb0000)
  to   space 512K,   0% used [0x00000000d6cb0000, 0x00000000d6cb0000, 0x00000000d6d30000)
 tenured generation   total 10624K, used 1733K [0x00000000e0e00000, 0x00000000e1860000, 0x00000000f5a00000)
   the space 10624K,  16% used [0x00000000e0e00000, 0x00000000e0fb1630, 0x00000000e0fb1800, 0x00000000e1860000)
 compacting perm gen  total 21248K, used 9221K [0x00000000f5a00000, 0x00000000f6ec0000, 0x0000000100000000)
   the space 21248K,  43% used [0x00000000f5a00000, 0x00000000f63016c0, 0x00000000f6301800, 0x00000000f6ec0000)
No shared spaces configured.
Event: 5406.309 GC heap after
Heap after GC invocations=5 (full 0):
 def new generation   total 4800K, used 13K [0x00000000d6800000, 0x00000000d6d30000, 0x00000000e0e00000)
  eden space 4288K,   0% used [0x00000000d6800000, 0x00000000d6800000, 0x00000000d6c30000)
  from space 512K,   2% used [0x00000000d6cb0000, 0x00000000d6cb3498, 0x00000000d6d30000)
  to   space 512K,   0% used [0x00000000d6c30000, 0x00000000d6c30000, 0x00000000d6cb0000)
 tenured generation   total 10624K, used 1733K [0x00000000e0e00000, 0x00000000e1860000, 0x00000000f5a00000)
   the space 10624K,  16% used [0x00000000e0e00000, 0x00000000e0fb1630, 0x00000000e0fb1800, 0x00000000e1860000)
 compacting perm gen  total 21248K, used 9221K [0x00000000f5a00000, 0x00000000f6ec0000, 0x0000000100000000)
   the space 21248K,  43% used [0x00000000f5a00000, 0x00000000f63016c0, 0x00000000f6301800, 0x00000000f6ec0000)
No shared spaces configured.
}
Event: 7374.540 GC heap before
{Heap before GC invocations=5 (full 0):
 def new generation   total 4800K, used 4301K [0x00000000d6800000, 0x00000000d6d30000, 0x00000000e0e00000)
  eden space 4288K, 100% used [0x00000000d6800000, 0x00000000d6c30000, 0x00000000d6c30000)
  from space 512K,   2% used [0x00000000d6cb0000, 0x00000000d6cb3498, 0x00000000d6d30000)
  to   space 512K,   0% used [0x00000000d6c30000, 0x00000000d6c30000, 0x00000000d6cb0000)
 tenured generation   total 10624K, used 1733K [0x00000000e0e00000, 0x00000000e1860000, 0x00000000f5a00000)
   the space 10624K,  16% used [0x00000000e0e00000, 0x00000000e0fb1630, 0x00000000e0fb1800, 0x00000000e1860000)
 compacting perm gen  total 21248K, used 9235K [0x00000000f5a00000, 0x00000000f6ec0000, 0x0000000100000000)
   the space 21248K,  43% used [0x00000000f5a00000, 0x00000000f6304e98, 0x00000000f6305000, 0x00000000f6ec0000)
No shared spaces configured.
Event: 7374.540 GC heap after
Heap after GC invocations=6 (full 0):
 def new generation   total 4800K, used 12K [0x00000000d6800000, 0x00000000d6d30000, 0x00000000e0e00000)
  eden space 4288K,   0% used [0x00000000d6800000, 0x00000000d6800000, 0x00000000d6c30000)
  from space 512K,   2% used [0x00000000d6c30000, 0x00000000d6c331f8, 0x00000000d6cb0000)
  to   space 512K,   0% used [0x00000000d6cb0000, 0x00000000d6cb0000, 0x00000000d6d30000)
 tenured generation   total 10624K, used 1733K [0x00000000e0e00000, 0x00000000e1860000, 0x00000000f5a00000)
   the space 10624K,  16% used [0x00000000e0e00000, 0x00000000e0fb1630, 0x00000000e0fb1800, 0x00000000e1860000)
 compacting perm gen  total 21248K, used 9235K [0x00000000f5a00000, 0x00000000f6ec0000, 0x0000000100000000)
   the space 21248K,  43% used [0x00000000f5a00000, 0x00000000f6304e98, 0x00000000f6305000, 0x00000000f6ec0000)
No shared spaces configured.
}
Event: 9912.175 GC heap before
{Heap before GC invocations=6 (full 0):
 def new generation   total 4800K, used 4300K [0x00000000d6800000, 0x00000000d6d30000, 0x00000000e0e00000)
  eden space 4288K, 100% used [0x00000000d6800000, 0x00000000d6c30000, 0x00000000d6c30000)
  from space 512K,   2% used [0x00000000d6c30000, 0x00000000d6c331f8, 0x00000000d6cb0000)
  to   space 512K,   0% used [0x00000000d6cb0000, 0x00000000d6cb0000, 0x00000000d6d30000)
 tenured generation   total 10624K, used 1733K [0x00000000e0e00000, 0x00000000e1860000, 0x00000000f5a00000)
   the space 10624K,  16% used [0x00000000e0e00000, 0x00000000e0fb1630, 0x00000000e0fb1800, 0x00000000e1860000)
 compacting perm gen  total 21248K, used 9240K [0x00000000f5a00000, 0x00000000f6ec0000, 0x0000000100000000)
   the space 21248K,  43% used [0x00000000f5a00000, 0x00000000f6306278, 0x00000000f6306400, 0x00000000f6ec0000)
No shared spaces configured.
Event: 9912.176 GC heap after
Heap after GC invocations=7 (full 0):
 def new generation   total 4800K, used 20K [0x00000000d6800000, 0x00000000d6d30000, 0x00000000e0e00000)
  eden space 4288K,   0% used [0x00000000d6800000, 0x00000000d6800000, 0x00000000d6c30000)
  from space 512K,   4% used [0x00000000d6cb0000, 0x00000000d6cb5388, 0x00000000d6d30000)
  to   space 512K,   0% used [0x00000000d6c30000, 0x00000000d6c30000, 0x00000000d6cb0000)
 tenured generation   total 10624K, used 1733K [0x00000000e0e00000, 0x00000000e1860000, 0x00000000f5a00000)
   the space 10624K,  16% used [0x00000000e0e00000, 0x00000000e0fb1630, 0x00000000e0fb1800, 0x00000000e1860000)
 compacting perm gen  total 21248K, used 9240K [0x00000000f5a00000, 0x00000000f6ec0000, 0x0000000100000000)
   the space 21248K,  43% used [0x00000000f5a00000, 0x00000000f6306278, 0x00000000f6306400, 0x00000000f6ec0000)
No shared spaces configured.
}

